timestamp: 2020-12-15T16:44:21.306048
CREATE TABLE "imagen"(
    "id" INTEGER PRIMARY KEY AUTOINCREMENT,
    "titulo" CHAR(512) UNIQUE,
    "archivo" CHAR(512)
);
success!
timestamp: 2020-12-15T16:44:21.578429
CREATE TABLE "publicacion"(
    "id" INTEGER PRIMARY KEY AUTOINCREMENT,
    "imagen_id" INTEGER REFERENCES "imagen" ("id") ON DELETE CASCADE  ,
    "autor" CHAR(512),
    "email" CHAR(512),
    "cuerpo" TEXT
);
success!
timestamp: 2020-12-15T16:49:12.731923
CREATE TABLE "auth_user"(
    "id" INTEGER PRIMARY KEY AUTOINCREMENT,
    "first_name" CHAR(128),
    "last_name" CHAR(128),
    "email" CHAR(512),
    "password" CHAR(512),
    "registration_key" CHAR(512),
    "reset_password_key" CHAR(512),
    "registration_id" CHAR(512)
);
success!
timestamp: 2020-12-15T16:49:13.070804
CREATE TABLE "auth_group"(
    "id" INTEGER PRIMARY KEY AUTOINCREMENT,
    "role" CHAR(512),
    "description" TEXT
);
success!
timestamp: 2020-12-15T16:49:13.397668
CREATE TABLE "auth_membership"(
    "id" INTEGER PRIMARY KEY AUTOINCREMENT,
    "user_id" INTEGER REFERENCES "auth_user" ("id") ON DELETE CASCADE  ,
    "group_id" INTEGER REFERENCES "auth_group" ("id") ON DELETE CASCADE  
);
success!
timestamp: 2020-12-15T16:49:13.688573
CREATE TABLE "auth_permission"(
    "id" INTEGER PRIMARY KEY AUTOINCREMENT,
    "group_id" INTEGER REFERENCES "auth_group" ("id") ON DELETE CASCADE  ,
    "name" CHAR(512),
    "table_name" CHAR(512),
    "record_id" INTEGER
);
success!
timestamp: 2020-12-15T16:49:14.010323
CREATE TABLE "auth_event"(
    "id" INTEGER PRIMARY KEY AUTOINCREMENT,
    "time_stamp" TIMESTAMP,
    "client_ip" CHAR(512),
    "user_id" INTEGER REFERENCES "auth_user" ("id") ON DELETE CASCADE  ,
    "origin" CHAR(512),
    "description" TEXT
);
success!
timestamp: 2020-12-15T16:49:14.311626
CREATE TABLE "auth_cas"(
    "id" INTEGER PRIMARY KEY AUTOINCREMENT,
    "user_id" INTEGER REFERENCES "auth_user" ("id") ON DELETE CASCADE  ,
    "created_on" TIMESTAMP,
    "service" CHAR(512),
    "ticket" CHAR(512),
    "renew" CHAR(1)
);
success!
timestamp: 2020-12-15T17:38:08.136589
CREATE TABLE "comentario"(
    "id" INTEGER PRIMARY KEY AUTOINCREMENT,
    "imagen_id" INTEGER REFERENCES "imagen" ("id") ON DELETE CASCADE  ,
    "autor" CHAR(512),
    "email" CHAR(512),
    "cuerpo" TEXT
);
success!
